Ganache CLI v6.1.8 (ganache-core: 2.2.1)

Available Accounts
==================
(0) 0xee5dbf4d8b3982cad154a347d66b24e2127211c9 (~100 ETH)
(1) 0x9c794595bc61e508ab29687cc734a09ee511f06b (~100 ETH)
(2) 0x94383efb0d1b96bfb60f1d076fb2f0f6257d67c4 (~100 ETH)
(3) 0x16cf5120b1232bb97da67993ccc78cc9461ea74e (~100 ETH)
(4) 0x66ad94ca0a8e2f671a849a00a2094260d03b95fa (~100 ETH)
(5) 0x5a782715e8365c92d786f30fd8528041b05244d0 (~100 ETH)
(6) 0xbce12a603efd6f610c56949acca2e511b8510e33 (~100 ETH)
(7) 0x9fab25800f7f4d008db03c6ec0cec3bce93122c3 (~100 ETH)
(8) 0xec31ded181b670bc66583ea8a895d44a1c168b4d (~100 ETH)
(9) 0xc3ae58946b4dd6e6fabebc07224beba9b7d696b4 (~100 ETH)

Private Keys
==================
(0) 0x36fabbeed71fc586a5523efc7d3e2d6deed718b37929d8f44efae48aa81e417e
(1) 0x4ff7fe733bedb6439f2df12ab65f03f77423ec646564c5a2812125bdb051f744
(2) 0x20b86e8decd923228bb6dcdc6d6de57771c232dcbafe9c27e4d5d9a445aac135
(3) 0xf6153c5d22ea759d91fd38b8a2b98a2f66a20afcfc0228d798a7d6e2dc5d86e7
(4) 0x3744fbb76b0cffc8718616db432073ca2e7adb6fd66a580ae2f2dc88d6a96001
(5) 0xc25d3cb427aea245984f1b75561c7686c61e167d74f67d05ea2d5065800fd7c6
(6) 0xfa395b90b0e388144354b31b82c0776d0a805b61cf9b3de3ac511229dd18d692
(7) 0xaa0d59830229e8dea80fdd25857ccdb3c939bef92392c338fa6987d83164dc41
(8) 0x96c2a03295c40a4adf171d574f22f293f64972958c18941a484bd481034c2f79
(9) 0x07ac2d6f7dfb0e27fd3f7baf8b6dc48759f5f558e95cb31a1c0f91eb0626d140

HD Wallet
==================
Mnemonic:      disagree kingdom safe evidence poverty track film struggle small avoid sock news
Base HD Path:  m/44'/60'/0'/0/{account_index}

Gas Price
==================
20000000000

Gas Limit
==================
6721975

Listening on 127.0.0.1:8545
eth_accounts
eth_accounts
eth_sendTransaction
eth_accounts
eth_sendTransaction
eth_accounts
eth_sendTransaction
eth_accounts
eth_sendTransaction

  Transaction: 0xa51e62b13904cc38c61873756b4f2faa031a7584a665bfe561fdb9cc807df662
  Contract created: 0x12ca0287883c05a849729188d6c5ffae8b8ed447
  Gas usage: 267580
  Block Number: 1
  Block Time: Fri Oct 26 2018 10:15:43 GMT+0800 (CST)

eth_getTransactionReceipt
eth_getCode
eth_accounts
eth_sendTransaction

  Transaction: 0x36ee1f721f98abd89c8b0481b62b7a237b3abdace409fceed31335698fa5eb7e
  Contract created: 0xa00af5964f999c99cbe6de9ab327947cb7f263bb
  Gas usage: 267580
  Block Number: 2
  Block Time: Fri Oct 26 2018 10:17:42 GMT+0800 (CST)

eth_getTransactionReceipt
eth_getCode
eth_accounts
eth_sendTransaction

  Transaction: 0xe12da89ac77a4c8b679ec6afaf74693bbbe2198e81ae9ef9b9c71d1baf0f5fa1
  Contract created: 0xd216b1fb6a554adb9dd88410659d6965efabcc36
  Gas usage: 267580
  Block Number: 3
  Block Time: Fri Oct 26 2018 10:26:55 GMT+0800 (CST)

eth_getTransactionReceipt
eth_getCode
eth_call
eth_accounts
eth_sendTransaction

  Transaction: 0xf52c128a68b346e306dadb503674b960ff1560341eec99e900c9b608ade0924b
  Contract created: 0x8e5f465cbccbd9560842b81f47f31bf100841e2c
  Gas usage: 267580
  Block Number: 4
  Block Time: Fri Oct 26 2018 10:33:12 GMT+0800 (CST)

eth_getTransactionReceipt
eth_getCode
eth_call
eth_sendTransaction

  Transaction: 0x9a953b4dd7b65dd4f2df93afdbbee76745514f8b33c784c1b75ec9f1872cf991
  Gas usage: 33485
  Block Number: 5
  Block Time: Fri Oct 26 2018 10:33:12 GMT+0800 (CST)

eth_getTransactionReceipt
eth_call
eth_accounts
eth_sendTransaction

  Transaction: 0xa1da8aec3abe7d4b01a976cf5bd185c862a4ff8ab98029076015b90a8bf1687e
  Contract created: 0x749fdeb6b5a1772e5aabc3a26a79426b85009ec7
  Gas usage: 267580
  Block Number: 6
  Block Time: Fri Oct 26 2018 10:34:02 GMT+0800 (CST)

eth_getTransactionReceipt
eth_getCode
eth_call
eth_sendTransaction

  Transaction: 0xb81bfb6bd64c57625d46c199eb679c4fa694e104b65eb08ddb4ae2d7b82f7dad
  Gas usage: 33485
  Block Number: 7
  Block Time: Fri Oct 26 2018 10:34:03 GMT+0800 (CST)

eth_getTransactionReceipt
eth_call
eth_accounts
eth_accounts
eth_accounts
eth_accounts
eth_accounts
eth_accounts
eth_accounts
eth_accounts
eth_accounts
eth_accounts
eth_gasPrice
eth_sendTransaction
eth_accounts
eth_sendTransaction

  Transaction: 0x0d403a8dd0e6a9f7cb92b04895d5d3a310e40a386cca8dc7f7bf7563f29eae7a
  Contract created: 0x6eb817a37181c1318d96c0c2e3aa7102c102cf04
  Gas usage: 267772
  Block Number: 8
  Block Time: Fri Oct 26 2018 14:40:48 GMT+0800 (CST)

eth_getTransactionReceipt
eth_getCode
eth_call
eth_accounts
eth_sendTransaction

  Transaction: 0xe787957a7cd21cabcd42d5f313b4f7468ca24ab82e8c63c56059553d1986dafc
  Contract created: 0x06030b43a7ba95431e1c4b8c328c042cd70a8fec
  Gas usage: 267772
  Block Number: 9
  Block Time: Fri Oct 26 2018 14:41:45 GMT+0800 (CST)

eth_getTransactionReceipt
eth_getCode
eth_call
eth_accounts
eth_sendTransaction

  Transaction: 0x68583f90964cc631ce42fca58a6f020218c4cbe34659a187641543d70ea578ae
  Contract created: 0xbc51c35d62cc9e6c98a60bb660fc91717d9bcca4
  Gas usage: 267772
  Block Number: 10
  Block Time: Fri Oct 26 2018 14:44:09 GMT+0800 (CST)

eth_getTransactionReceipt
eth_getCode
eth_call
eth_accounts
eth_sendTransaction

  Transaction: 0x6f2f39cd2a0e06eae163f2430f067fed9027bb6b0c8c1623aeeaef08cf65230a
  Contract created: 0x9f6cb5478609b1425b8f56e467816bd0e00d47d8
  Gas usage: 267772
  Block Number: 11
  Block Time: Fri Oct 26 2018 14:45:22 GMT+0800 (CST)

eth_getTransactionReceipt
eth_getCode
eth_call
eth_accounts
eth_sendTransaction

  Transaction: 0x9c20e6b2346c594f19b9a5ec3a3f443965e7ae5dccc307ca857d7b40cf1ceb54
  Contract created: 0x1b5a47a7c5822114ec7fae26034b4f0927138550
  Gas usage: 267772
  Block Number: 12
  Block Time: Fri Oct 26 2018 14:48:36 GMT+0800 (CST)

eth_getTransactionReceipt
eth_getCode
eth_call
eth_accounts
eth_sendTransaction

  Transaction: 0xff09ef301ebe1ef494b53e549ee75a2c92633d4bcb8adf523c60216063f3c424
  Contract created: 0x161b2d39f1dc797838ec784b40401ae4670915a9
  Gas usage: 267772
  Block Number: 13
  Block Time: Fri Oct 26 2018 14:52:27 GMT+0800 (CST)

eth_getTransactionReceipt
eth_getCode
eth_call
eth_sendTransaction
eth_call

  Transaction: 0xa35f8d69eee1c1cbd68dc018e3f2e5b1154c3b7400f99545ec4096aed3b72504
  Gas usage: 33357
  Block Number: 14
  Block Time: Fri Oct 26 2018 14:52:27 GMT+0800 (CST)

eth_getTransactionReceipt
eth_accounts
eth_sendTransaction

  Transaction: 0xc1ac831754af109ee02cef3d58012e432a7b7c4886eb5ae9736ecb27b718829a
  Contract created: 0xce623b28953941f9e742fde096a6f7180ed935c2
  Gas usage: 267772
  Block Number: 15
  Block Time: Fri Oct 26 2018 15:07:35 GMT+0800 (CST)

eth_getTransactionReceipt
eth_getCode
eth_call
eth_sendTransaction
eth_call

  Transaction: 0x0b0da4ff2114224913eddeaa82e432ccb984417a56b126f897128b5387602669
  Gas usage: 33357
  Block Number: 16
  Block Time: Fri Oct 26 2018 15:07:35 GMT+0800 (CST)

eth_getTransactionReceipt
eth_accounts
eth_accounts
eth_accounts
eth_accounts
eth_accounts
eth_accounts
eth_accounts
eth_accounts
eth_accounts
eth_gasPrice
eth_sendTransaction
eth_accounts
eth_gasPrice
eth_sendTransaction
eth_accounts
eth_sendTransaction
eth_accounts
eth_sendTransaction
eth_accounts
eth_sendTransaction
eth_accounts
eth_sendTransaction

  Transaction: 0x3c7fa567fd6a68c66131d8f90e2c00b3ee151ca5802ef2f67ee04510ad43ed4d
  Contract created: 0x53ebdad98c0911b2a4fad3eb047d6a3798e83ebc
  Gas usage: 267708
  Block Number: 17
  Block Time: Fri Oct 26 2018 16:15:24 GMT+0800 (CST)

eth_getTransactionReceipt
eth_getCode
eth_accounts
eth_sendTransaction

  Transaction: 0x27ff7851243b2f07f70453c70d686bf1e5f79733509bac642fb159da717ee52f
  Contract created: 0x09c8e309d884f08ec24bc69bdda9c4483a63528c
  Gas usage: 267708
  Block Number: 18
  Block Time: Fri Oct 26 2018 16:17:37 GMT+0800 (CST)

eth_getTransactionReceipt
eth_getCode
eth_accounts
eth_sendTransaction

  Transaction: 0xc5057afe42ede6273b611416e7e469c90bdd6f7db516f37b7b9e62cea4cade14
  Contract created: 0x9be5e3e91aabcf429a44e2a96a000c766cf74579
  Gas usage: 267708
  Block Number: 19
  Block Time: Fri Oct 26 2018 16:19:36 GMT+0800 (CST)

eth_getTransactionReceipt
eth_getCode
eth_call
eth_accounts
eth_sendTransaction

  Transaction: 0x72b5138993b755ac3e21c2b84f00a3545d0724e9d91ff09cf5a9f7210d54d312
  Contract created: 0x3ca8ee5a4a59ebb9b2dd58104f3aaec3ebe0cf19
  Gas usage: 267708
  Block Number: 20
  Block Time: Fri Oct 26 2018 16:20:49 GMT+0800 (CST)

eth_getTransactionReceipt
eth_getCode
eth_call
eth_sendTransaction

  Transaction: 0x99f50d95c510c5111a9fe773bc049306bb131e71408441b295ee68ec23c63cd7
  Gas usage: 33485
  Block Number: 21
  Block Time: Fri Oct 26 2018 16:20:49 GMT+0800 (CST)

eth_getTransactionReceipt
eth_accounts
eth_sendTransaction

  Transaction: 0x3fc2236dc7cc93fd060a7f0cc3dcdd18aaf2625830e3f5e4384d7fb7363250fe
  Contract created: 0x39faddf543423902ca32ca38a7d341cb8de21d35
  Gas usage: 267708
  Block Number: 22
  Block Time: Fri Oct 26 2018 16:21:32 GMT+0800 (CST)

eth_getTransactionReceipt
eth_getCode
eth_call
eth_sendTransaction

  Transaction: 0xe1842354a3282efc6049c53d43da58a8724b9d4133779898949e8051ceeaa220
  Gas usage: 33485
  Block Number: 23
  Block Time: Fri Oct 26 2018 16:21:32 GMT+0800 (CST)

eth_getTransactionReceipt
eth_call
eth_accounts
eth_sendTransaction

  Transaction: 0x53e566707368618797cc459ba8dddf57148391b23b9581494c97cfb50a4edce0
  Contract created: 0x36f081de71b12235a269ffae5751fcbae12a97f1
  Gas usage: 267708
  Block Number: 24
  Block Time: Fri Oct 26 2018 16:21:58 GMT+0800 (CST)

eth_getTransactionReceipt
eth_getCode
eth_call
eth_sendTransaction

  Transaction: 0x226df55a40f19664ff0d6da4bb6aef96e01e689668134ce3b3516c5fd01a1bd3
  Gas usage: 33485
  Block Number: 25
  Block Time: Fri Oct 26 2018 16:21:58 GMT+0800 (CST)

eth_getTransactionReceipt
eth_call
